<?xml version="1.0" encoding="UTF-8"?>
<testng-results ignored="0" total="1" passed="1" failed="0" skipped="0">
  <reporter-output>
  </reporter-output>
  <suite started-at="2023-07-19T13:58:08 CST" name="Default suite" finished-at="2023-07-19T13:58:16 CST" duration-ms="7965">
    <groups>
    </groups>
    <test started-at="2023-07-19T13:58:08 CST" name="Default test" finished-at="2023-07-19T13:58:16 CST" duration-ms="7965">
      <class name="test.AddCustomerTest">
        <test-method signature="userShouldBeAbleToAddCustomer()[pri:0, instance:test.AddCustomerTest@2892dae4]" started-at="2023-07-19T13:58:08 CST" name="userShouldBeAbleToAddCustomer" finished-at="2023-07-19T13:58:16 CST" duration-ms="7923" status="PASS">
          <reporter-output>
          </reporter-output>
        </test-method> <!-- userShouldBeAbleToAddCustomer -->
      </class> <!-- test.AddCustomerTest -->
    </test> <!-- Default test -->
  </suite> <!-- Default suite -->
</testng-results>
